Received Username: admin
User found: {"id":1,"username":"admin","password":"$2y$10$e0NR1r5Tqz\/0xM3yM3W0A.ZfE9BQ2HGmLMmOQzBg5YrbV2A0U9l9a","role":"admin","created_at":"2025-02-01 19:39:28"}
Password verification failed for user: admin
Received Username: admin
User found: {"id":3,"username":"admin","password":"$2y$10$twv3ytAp.baOSDgv2VJ1vedUAz8cn60Z5JvHYbWf3ZnWol6VdtHtC","role":"admin","created_at":"2025-02-01 20:06:26"}
Password verified successfully for user: admin
Received Username: admin
User found: {"id":3,"username":"admin","password":"$2y$10$twv3ytAp.baOSDgv2VJ1vedUAz8cn60Z5JvHYbWf3ZnWol6VdtHtC","role":"admin","created_at":"2025-02-01 20:06:26"}
Password verification failed for user: admin
Received Username: admin
User found: {"id":3,"username":"admin","password":"$2y$10$twv3ytAp.baOSDgv2VJ1vedUAz8cn60Z5JvHYbWf3ZnWol6VdtHtC","role":"admin","created_at":"2025-02-01 20:06:26"}
Password verified successfully for user: admin
Received Username: admin
User found: {"id":3,"username":"admin","password":"$2y$10$twv3ytAp.baOSDgv2VJ1vedUAz8cn60Z5JvHYbWf3ZnWol6VdtHtC","role":"admin","created_at":"2025-02-01 20:06:26"}
Password verified successfully for user: admin
Received Username: admin
User found: {"id":3,"username":"admin","password":"$2y$10$twv3ytAp.baOSDgv2VJ1vedUAz8cn60Z5JvHYbWf3ZnWol6VdtHtC","role":"admin","created_at":"2025-02-01 20:06:26"}
Password verified successfully for user: admin
Received Username: g
No user found for username: g
Password verification failed for user: g
Received Username: admin
User found: {"id":3,"username":"admin","password":"$2y$10$twv3ytAp.baOSDgv2VJ1vedUAz8cn60Z5JvHYbWf3ZnWol6VdtHtC","role":"admin","created_at":"2025-02-01 20:06:26"}
Password verified successfully for user: admin
Received Username: admin
User found: {"id":3,"username":"admin","password":"$2y$10$twv3ytAp.baOSDgv2VJ1vedUAz8cn60Z5JvHYbWf3ZnWol6VdtHtC","role":"admin","created_at":"2025-02-01 20:06:26"}
Password verified successfully for user: admin
Received Username: admin
User found: {"id":3,"username":"admin","password":"$2y$10$twv3ytAp.baOSDgv2VJ1vedUAz8cn60Z5JvHYbWf3ZnWol6VdtHtC","role":"admin","created_at":"2025-02-01 20:06:26"}
Password verified successfully for user: admin
Received Username: admin
User found: {"id":3,"username":"admin","password":"$2y$10$twv3ytAp.baOSDgv2VJ1vedUAz8cn60Z5JvHYbWf3ZnWol6VdtHtC","role":"admin","created_at":"2025-02-01 20:06:26"}
Password verified successfully for user: admin
